
> web@0.1.0 build
> next build

  ▲ Next.js 14.2.18

   Creating an optimized production build ...
 ✓ Compiled successfully
   Linting and checking validity of types ...
   Collecting page data ...
   Generating static pages (0/7) ...
   Generating static pages (1/7) 
   Generating static pages (3/7) 
   Generating static pages (5/7) 
 ✓ Generating static pages (7/7)
   Finalizing page optimization ...
   Collecting build traces ...

Route (app)                              Size     First Load JS
┌ ○ /                                    139 B           101 kB
├ ○ /_not-found                          873 B            88 kB
├ ○ /lessons                             139 B           101 kB
├ ○ /login                               7.1 kB          104 kB
└ ○ /programs                            139 B           101 kB
+ First Load JS shared by all            87.1 kB
  ├ chunks/117-cfa94ccf6e93e2aa.js       31.6 kB
  ├ chunks/fd9d1056-5f7e07a66caee71b.js  53.6 kB
  └ other shared chunks (total)          1.89 kB


○  (Static)  prerendered as static content

npm notice
npm notice New minor version of npm available! 11.1.0 -> 11.11.1
npm notice Changelog: https://github.com/npm/cli/releases/tag/v11.11.1
npm notice To update run: npm install -g npm@11.11.1
npm notice
